<?xml version="1.0" encoding="UTF-8"?>
<!-- Generated by org.testng.reporters.JUnitXMLReporter -->
<testsuite hostname="Piyush" ignored="0" name="FacebookTest" tests="3" failures="0" timestamp="16 Jun 2023 03:21:00 GMT" time="35.141" errors="0">
  <testcase name="facebooklogintest" time="0.777" classname="testcases.FacebookTest"/>
  <testcase name="facebooklogintest" time="0.496" classname="testcases.FacebookTest"/>
  <testcase name="facebooklogintest" time="0.514" classname="testcases.FacebookTest"/>
</testsuite> <!-- FacebookTest -->
