<?xml version="1.0" encoding="UTF-8"?>
<!-- Generated by org.testng.reporters.JUnitXMLReporter -->
<testsuite ignored="0" hostname="Piyush" failures="0" tests="3" name="FacebookTest" time="19.659" errors="0" timestamp="22 Jun 2023 02:54:14 GMT">
  <testcase classname="testcases.FacebookTest" name="facebooklogintest" time="0.228"/>
  <testcase classname="testcases.FacebookTest" name="facebooklogintest" time="0.239"/>
  <testcase classname="testcases.FacebookTest" name="facebooklogintest" time="0.231"/>
</testsuite> <!-- FacebookTest -->
