<?xml version="1.0" encoding="UTF-8"?>
<!-- Generated by org.testng.reporters.JUnitXMLReporter -->
<testsuite ignored="0" hostname="Piyush" failures="0" tests="3" name="FacebookTest" time="34.701" errors="0" timestamp="2023-06-22T08:26:42 IST">
  <testcase classname="testcases.FacebookTest" name="facebooklogintest" time="0.226"/>
  <testcase classname="testcases.FacebookTest" name="facebooklogintest" time="0.227"/>
  <testcase classname="testcases.FacebookTest" name="facebooklogintest" time="0.218"/>
</testsuite> <!-- FacebookTest -->
