<?xml version="1.0" encoding="UTF-8"?>
<testsuite xmlns:xsi="http://www.w3.org/2001/XMLSchema-instance" xsi:noNamespaceSchemaLocation="https://maven.apache.org/surefire/maven-surefire-plugin/xsd/surefire-test-report-3.0.xsd" version="3.0" name="TestSuite" time="50.6" tests="6" errors="0" skipped="0" failures="0">
  <properties>
[...]
</properties>
  <testcase name="facebooklogintest" classname="testcases.FacebookTest" time="0.229"/>
  <testcase name="facebooklogintest" classname="testcases.FacebookTest" time="0.227"/>
  <testcase name="facebooklogintest" classname="testcases.FacebookTest" time="0.217"/>
  <testcase name="rmlogin" classname="testcases.RMTest" time="0.344"/>
  <testcase name="rmlogin" classname="testcases.RMTest" time="0.328"/>
  <testcase name="rmlogin" classname="testcases.RMTest" time="0.324"/>
</testsuite>