<?xml version="1.0" encoding="UTF-8"?>
<testng-results ignored="0" total="6" passed="6" failed="0" skipped="0">
  <reporter-output>
  </reporter-output>
  <suite started-at="2023-06-22T02:53:55Z" name="Suite" finished-at="2023-06-22T02:54:29Z" duration-ms="34115">
    <groups>
    </groups>
    <test started-at="2023-06-22T02:53:55Z" name="FacebookTest" finished-at="2023-06-22T02:54:14Z" duration-ms="19659">
      <class name="testcases.FacebookTest">
        <test-method is-config="true" signature="generateLogReport(java.lang.String, java.lang.String)[pri:0, instance:testcases.FacebookTest@197d671]" started-at="2023-06-22T08:23:55Z" name="generateLogReport" finished-at="2023-06-22T08:23:55Z" duration-ms="288" status="PASS">
          <params>
            <param index="0">
              <value>
                <![CDATA[facebook]]>
              </value>
            </param>
            <param index="1">
              <value>
                <![CDATA[true]]>
              </value>
            </param>
          </params>
          <reporter-output>
          </reporter-output>
        </test-method> <!-- generateLogReport -->
        <test-method is-config="true" signature="makeWBConnection(java.lang.String, java.lang.String)[pri:0, instance:testcases.FacebookTest@197d671]" started-at="2023-06-22T08:23:55Z" name="makeWBConnection" finished-at="2023-06-22T08:23:55Z" duration-ms="317" status="PASS">
          <params>
            <param index="0">
              <value>
                <![CDATA[C:\core\selenium\Book3.xls]]>
              </value>
            </param>
            <param index="1">
              <value>
                <![CDATA[Sheet1]]>
              </value>
            </param>
          </params>
          <reporter-output>
          </reporter-output>
        </test-method> <!-- makeWBConnection -->
        <test-method is-config="true" signature="openBrowser(java.lang.String, java.lang.String, java.lang.String)[pri:0, instance:testcases.FacebookTest@197d671]" started-at="2023-06-22T08:23:55Z" name="openBrowser" finished-at="2023-06-22T08:24:02Z" duration-ms="6194" status="PASS">
          <params>
            <param index="0">
              <value>
                <![CDATA[chrome]]>
              </value>
            </param>
            <param index="1">
              <value>
                <![CDATA[https://www.facebook.com/]]>
              </value>
            </param>
            <param index="2">
              <value>
                <![CDATA[facebook]]>
              </value>
            </param>
          </params>
          <reporter-output>
          </reporter-output>
        </test-method> <!-- openBrowser -->
        <test-method signature="facebooklogintest(java.lang.String, java.lang.String)[pri:0, instance:testcases.FacebookTest@197d671]" started-at="2023-06-22T08:24:02Z" name="facebooklogintest" data-provider="facebookdata" finished-at="2023-06-22T08:24:02Z" duration-ms="228" status="PASS">
          <params>
            <param index="0">
              <value>
                <![CDATA[parag]]>
              </value>
            </param>
            <param index="1">
              <value>
                <![CDATA[saxena]]>
              </value>
            </param>
          </params>
          <reporter-output>
          </reporter-output>
        </test-method> <!-- facebooklogintest -->
        <test-method is-config="true" signature="closeBrowser()[pri:0, instance:testcases.FacebookTest@197d671]" started-at="2023-06-22T08:24:02Z" name="closeBrowser" finished-at="2023-06-22T08:24:02Z" duration-ms="641" status="PASS">
          <reporter-output>
          </reporter-output>
        </test-method> <!-- closeBrowser -->
        <test-method is-config="true" signature="openBrowser(java.lang.String, java.lang.String, java.lang.String)[pri:0, instance:testcases.FacebookTest@197d671]" started-at="2023-06-22T08:24:02Z" name="openBrowser" finished-at="2023-06-22T08:24:07Z" duration-ms="4840" status="PASS">
          <params>
            <param index="0">
              <value>
                <![CDATA[chrome]]>
              </value>
            </param>
            <param index="1">
              <value>
                <![CDATA[https://www.facebook.com/]]>
              </value>
            </param>
            <param index="2">
              <value>
                <![CDATA[facebook]]>
              </value>
            </param>
          </params>
          <reporter-output>
          </reporter-output>
        </test-method> <!-- openBrowser -->
        <test-method signature="facebooklogintest(java.lang.String, java.lang.String)[pri:0, instance:testcases.FacebookTest@197d671]" started-at="2023-06-22T08:24:07Z" name="facebooklogintest" data-provider="facebookdata" finished-at="2023-06-22T08:24:08Z" duration-ms="239" status="PASS">
          <params>
            <param index="0">
              <value>
                <![CDATA[amit]]>
              </value>
            </param>
            <param index="1">
              <value>
                <![CDATA[taneja]]>
              </value>
            </param>
          </params>
          <reporter-output>
          </reporter-output>
        </test-method> <!-- facebooklogintest -->
        <test-method is-config="true" signature="closeBrowser()[pri:0, instance:testcases.FacebookTest@197d671]" started-at="2023-06-22T08:24:08Z" name="closeBrowser" finished-at="2023-06-22T08:24:08Z" duration-ms="647" status="PASS">
          <reporter-output>
          </reporter-output>
        </test-method> <!-- closeBrowser -->
        <test-method is-config="true" signature="openBrowser(java.lang.String, java.lang.String, java.lang.String)[pri:0, instance:testcases.FacebookTest@197d671]" started-at="2023-06-22T08:24:08Z" name="openBrowser" finished-at="2023-06-22T08:24:13Z" duration-ms="5106" status="PASS">
          <params>
            <param index="0">
              <value>
                <![CDATA[chrome]]>
              </value>
            </param>
            <param index="1">
              <value>
                <![CDATA[https://www.facebook.com/]]>
              </value>
            </param>
            <param index="2">
              <value>
                <![CDATA[facebook]]>
              </value>
            </param>
          </params>
          <reporter-output>
          </reporter-output>
        </test-method> <!-- openBrowser -->
        <test-method signature="facebooklogintest(java.lang.String, java.lang.String)[pri:0, instance:testcases.FacebookTest@197d671]" started-at="2023-06-22T08:24:13Z" name="facebooklogintest" data-provider="facebookdata" finished-at="2023-06-22T08:24:14Z" duration-ms="231" status="PASS">
          <params>
            <param index="0">
              <value>
                <![CDATA[ravi]]>
              </value>
            </param>
            <param index="1">
              <value>
                <![CDATA[kumar]]>
              </value>
            </param>
          </params>
          <reporter-output>
          </reporter-output>
        </test-method> <!-- facebooklogintest -->
        <test-method is-config="true" signature="closeBrowser()[pri:0, instance:testcases.FacebookTest@197d671]" started-at="2023-06-22T08:24:14Z" name="closeBrowser" finished-at="2023-06-22T08:24:14Z" duration-ms="623" status="PASS">
          <reporter-output>
          </reporter-output>
        </test-method> <!-- closeBrowser -->
        <test-method is-config="true" signature="closeWBConnection()[pri:0, instance:testcases.FacebookTest@197d671]" started-at="2023-06-22T08:24:14Z" name="closeWBConnection" finished-at="2023-06-22T08:24:14Z" duration-ms="1" status="PASS">
          <reporter-output>
          </reporter-output>
        </test-method> <!-- closeWBConnection -->
        <test-method is-config="true" signature="closeReport()[pri:0, instance:testcases.FacebookTest@197d671]" started-at="2023-06-22T08:24:14Z" name="closeReport" finished-at="2023-06-22T08:24:14Z" duration-ms="275" status="PASS">
          <reporter-output>
          </reporter-output>
        </test-method> <!-- closeReport -->
      </class> <!-- testcases.FacebookTest -->
    </test> <!-- FacebookTest -->
    <test started-at="2023-06-22T02:54:14Z" name="RMTest" finished-at="2023-06-22T02:54:29Z" duration-ms="14432">
      <class name="testcases.RMTest">
        <test-method is-config="true" signature="generateLogReport(java.lang.String, java.lang.String)[pri:0, instance:testcases.RMTest@222114ba]" started-at="2023-06-22T08:24:14Z" name="generateLogReport" finished-at="2023-06-22T08:24:14Z" duration-ms="6" status="PASS">
          <params>
            <param index="0">
              <value>
                <![CDATA[rmlog]]>
              </value>
            </param>
            <param index="1">
              <value>
                <![CDATA[true]]>
              </value>
            </param>
          </params>
          <reporter-output>
          </reporter-output>
        </test-method> <!-- generateLogReport -->
        <test-method is-config="true" signature="makeWBConnection(java.lang.String, java.lang.String)[pri:0, instance:testcases.RMTest@222114ba]" started-at="2023-06-22T08:24:14Z" name="makeWBConnection" finished-at="2023-06-22T08:24:14Z" duration-ms="11" status="PASS">
          <params>
            <param index="0">
              <value>
                <![CDATA[C:\core\selenium\Book3.xls]]>
              </value>
            </param>
            <param index="1">
              <value>
                <![CDATA[Sheet1]]>
              </value>
            </param>
          </params>
          <reporter-output>
          </reporter-output>
        </test-method> <!-- makeWBConnection -->
        <test-method is-config="true" signature="openBrowser(java.lang.String, java.lang.String, java.lang.String)[pri:0, instance:testcases.RMTest@222114ba]" started-at="2023-06-22T08:24:14Z" name="openBrowser" finished-at="2023-06-22T08:24:18Z" duration-ms="3849" status="PASS">
          <params>
            <param index="0">
              <value>
                <![CDATA[chrome]]>
              </value>
            </param>
            <param index="1">
              <value>
                <![CDATA[http://www.rminfotechsolutions.com/videologinRMInfotech.php#loaded]]>
              </value>
            </param>
            <param index="2">
              <value>
                <![CDATA[rmlogin]]>
              </value>
            </param>
          </params>
          <reporter-output>
          </reporter-output>
        </test-method> <!-- openBrowser -->
        <test-method signature="rmlogin(java.lang.String, java.lang.String)[pri:0, instance:testcases.RMTest@222114ba]" started-at="2023-06-22T08:24:18Z" name="rmlogin" data-provider="rmdata" finished-at="2023-06-22T08:24:19Z" duration-ms="345" status="PASS">
          <params>
            <param index="0">
              <value>
                <![CDATA[parag]]>
              </value>
            </param>
            <param index="1">
              <value>
                <![CDATA[saxena]]>
              </value>
            </param>
          </params>
          <reporter-output>
          </reporter-output>
        </test-method> <!-- rmlogin -->
        <test-method is-config="true" signature="closeBrowser()[pri:0, instance:testcases.RMTest@222114ba]" started-at="2023-06-22T08:24:19Z" name="closeBrowser" finished-at="2023-06-22T08:24:19Z" duration-ms="630" status="PASS">
          <reporter-output>
          </reporter-output>
        </test-method> <!-- closeBrowser -->
        <test-method is-config="true" signature="openBrowser(java.lang.String, java.lang.String, java.lang.String)[pri:0, instance:testcases.RMTest@222114ba]" started-at="2023-06-22T08:24:19Z" name="openBrowser" finished-at="2023-06-22T08:24:23Z" duration-ms="3861" status="PASS">
          <params>
            <param index="0">
              <value>
                <![CDATA[chrome]]>
              </value>
            </param>
            <param index="1">
              <value>
                <![CDATA[http://www.rminfotechsolutions.com/videologinRMInfotech.php#loaded]]>
              </value>
            </param>
            <param index="2">
              <value>
                <![CDATA[rmlogin]]>
              </value>
            </param>
          </params>
          <reporter-output>
          </reporter-output>
        </test-method> <!-- openBrowser -->
        <test-method signature="rmlogin(java.lang.String, java.lang.String)[pri:0, instance:testcases.RMTest@222114ba]" started-at="2023-06-22T08:24:23Z" name="rmlogin" data-provider="rmdata" finished-at="2023-06-22T08:24:24Z" duration-ms="504" status="PASS">
          <params>
            <param index="0">
              <value>
                <![CDATA[amit]]>
              </value>
            </param>
            <param index="1">
              <value>
                <![CDATA[taneja]]>
              </value>
            </param>
          </params>
          <reporter-output>
          </reporter-output>
        </test-method> <!-- rmlogin -->
        <test-method is-config="true" signature="closeBrowser()[pri:0, instance:testcases.RMTest@222114ba]" started-at="2023-06-22T08:24:24Z" name="closeBrowser" finished-at="2023-06-22T08:24:24Z" duration-ms="661" status="PASS">
          <reporter-output>
          </reporter-output>
        </test-method> <!-- closeBrowser -->
        <test-method is-config="true" signature="openBrowser(java.lang.String, java.lang.String, java.lang.String)[pri:0, instance:testcases.RMTest@222114ba]" started-at="2023-06-22T08:24:24Z" name="openBrowser" finished-at="2023-06-22T08:24:28Z" duration-ms="3508" status="PASS">
          <params>
            <param index="0">
              <value>
                <![CDATA[chrome]]>
              </value>
            </param>
            <param index="1">
              <value>
                <![CDATA[http://www.rminfotechsolutions.com/videologinRMInfotech.php#loaded]]>
              </value>
            </param>
            <param index="2">
              <value>
                <![CDATA[rmlogin]]>
              </value>
            </param>
          </params>
          <reporter-output>
          </reporter-output>
        </test-method> <!-- openBrowser -->
        <test-method signature="rmlogin(java.lang.String, java.lang.String)[pri:0, instance:testcases.RMTest@222114ba]" started-at="2023-06-22T08:24:28Z" name="rmlogin" data-provider="rmdata" finished-at="2023-06-22T08:24:28Z" duration-ms="353" status="PASS">
          <params>
            <param index="0">
              <value>
                <![CDATA[ravi]]>
              </value>
            </param>
            <param index="1">
              <value>
                <![CDATA[kumar]]>
              </value>
            </param>
          </params>
          <reporter-output>
          </reporter-output>
        </test-method> <!-- rmlogin -->
        <test-method is-config="true" signature="closeBrowser()[pri:0, instance:testcases.RMTest@222114ba]" started-at="2023-06-22T08:24:28Z" name="closeBrowser" finished-at="2023-06-22T08:24:29Z" duration-ms="624" status="PASS">
          <reporter-output>
          </reporter-output>
        </test-method> <!-- closeBrowser -->
        <test-method is-config="true" signature="closeWBConnection()[pri:0, instance:testcases.RMTest@222114ba]" started-at="2023-06-22T08:24:29Z" name="closeWBConnection" finished-at="2023-06-22T08:24:29Z" duration-ms="1" status="PASS">
          <reporter-output>
          </reporter-output>
        </test-method> <!-- closeWBConnection -->
        <test-method is-config="true" signature="closeReport()[pri:0, instance:testcases.RMTest@222114ba]" started-at="2023-06-22T08:24:29Z" name="closeReport" finished-at="2023-06-22T08:24:29Z" duration-ms="64" status="PASS">
          <reporter-output>
          </reporter-output>
        </test-method> <!-- closeReport -->
      </class> <!-- testcases.RMTest -->
    </test> <!-- RMTest -->
  </suite> <!-- Suite -->
</testng-results>
